<?xml version="1.0" encoding="UTF-8"?>
<testsuite xmlns:xsi="http://www.w3.org/2001/XMLSchema-instance" xsi:noNamespaceSchemaLocation="https://maven.apache.org/surefire/maven-surefire-plugin/xsd/surefire-test-report-3.0.xsd" version="3.0" name="se.asteroid.test.ScoringTest" time="0.512" tests="6" errors="0" skipped="0" failures="0">
  <properties>
    <property name="java.specification.version" value="23"/>
    <property name="sun.cpu.isalist" value="amd64"/>
    <property name="sun.jnu.encoding" value="Cp1252"/>
    <property name="sun.awt.enableExtraMouseButtons" value="true"/>
    <property name="java.class.path" value="C:\Users\HP User\Downloads\Asteroid888-main\Asteroid888-main\Asteroid888-main\Asteroid888-main\Asteroid888\target\test-classes;C:\Users\HP User\.m2\repository\org\openjfx\javafx-controls\21\javafx-controls-21.jar;C:\Users\HP User\.m2\repository\org\openjfx\javafx-graphics\21\javafx-graphics-21.jar;C:\Users\HP User\.m2\repository\org\openjfx\javafx-base\21\javafx-base-21.jar;C:\Users\HP User\.m2\repository\org\openjfx\javafx-fxml\21\javafx-fxml-21.jar;C:\Users\HP User\.m2\repository\org\junit\jupiter\junit-jupiter-api\5.10.0\junit-jupiter-api-5.10.0.jar;C:\Users\HP User\.m2\repository\org\opentest4j\opentest4j\1.3.0\opentest4j-1.3.0.jar;C:\Users\HP User\.m2\repository\org\junit\platform\junit-platform-commons\1.10.0\junit-platform-commons-1.10.0.jar;C:\Users\HP User\.m2\repository\org\apiguardian\apiguardian-api\1.1.2\apiguardian-api-1.1.2.jar;C:\Users\HP User\.m2\repository\org\junit\jupiter\junit-jupiter-engine\5.10.0\junit-jupiter-engine-5.10.0.jar;C:\Users\HP User\.m2\repository\org\junit\platform\junit-platform-engine\1.10.0\junit-platform-engine-1.10.0.jar;C:\Users\HP User\.m2\repository\org\testfx\testfx-core\4.0.16-alpha\testfx-core-4.0.16-alpha.jar;C:\Users\HP User\.m2\repository\org\hamcrest\hamcrest-core\1.3\hamcrest-core-1.3.jar;C:\Users\HP User\.m2\repository\org\assertj\assertj-core\3.13.2\assertj-core-3.13.2.jar;C:\Users\HP User\.m2\repository\org\mockito\mockito-core\5.13.0\mockito-core-5.13.0.jar;C:\Users\HP User\.m2\repository\net\bytebuddy\byte-buddy\1.15.0\byte-buddy-1.15.0.jar;C:\Users\HP User\.m2\repository\net\bytebuddy\byte-buddy-agent\1.15.0\byte-buddy-agent-1.15.0.jar;C:\Users\HP User\.m2\repository\org\objenesis\objenesis\3.3\objenesis-3.3.jar;C:\Users\HP User\.m2\repository\org\junit\platform\junit-platform-suite-engine\1.10.2\junit-platform-suite-engine-1.10.2.jar;C:\Users\HP User\.m2\repository\org\junit\platform\junit-platform-suite-api\1.10.2\junit-platform-suite-api-1.10.2.jar;C:\Users\HP User\.m2\repository\org\junit\platform\junit-platform-suite-commons\1.10.2\junit-platform-suite-commons-1.10.2.jar;C:\Users\HP User\.m2\repository\org\junit\platform\junit-platform-launcher\1.10.2\junit-platform-launcher-1.10.2.jar;C:\Users\HP User\.m2\repository\org\apache\logging\log4j\log4j-slf4j-impl\2.23.1\log4j-slf4j-impl-2.23.1.jar;C:\Users\HP User\.m2\repository\org\slf4j\slf4j-api\1.7.36\slf4j-api-1.7.36.jar;"/>
    <property name="java.vm.vendor" value="Oracle Corporation"/>
    <property name="sun.arch.data.model" value="64"/>
    <property name="user.variant" value=""/>
    <property name="java.vendor.url" value="https://java.oracle.com/"/>
    <property name="user.timezone" value="Asia/Bangkok"/>
    <property name="user.country.format" value="TH"/>
    <property name="os.name" value="Windows 11"/>
    <property name="java.vm.specification.version" value="23"/>
    <property name="sun.java.launcher" value="SUN_STANDARD"/>
    <property name="user.country" value="US"/>
    <property name="sun.boot.library.path" value="C:\Users\HP User\.jdks\openjdk-23.0.1\bin"/>
    <property name="sun.java.command" value="org.apache.maven.surefire.booter.ForkedBooter C:\Users\HP User\AppData\Local\Temp\surefire6220615998929304963 2567-10-30T01-27-33_655-jvmRun1 surefire-20241030012734018_1tmp surefire_0-20241030012734018_2tmp"/>
    <property name="jdk.debug" value="release"/>
    <property name="surefire.test.class.path" value="C:\Users\HP User\Downloads\Asteroid888-main\Asteroid888-main\Asteroid888-main\Asteroid888-main\Asteroid888\target\test-classes;C:\Users\HP User\.m2\repository\org\openjfx\javafx-controls\21\javafx-controls-21.jar;C:\Users\HP User\.m2\repository\org\openjfx\javafx-graphics\21\javafx-graphics-21.jar;C:\Users\HP User\.m2\repository\org\openjfx\javafx-base\21\javafx-base-21.jar;C:\Users\HP User\.m2\repository\org\openjfx\javafx-fxml\21\javafx-fxml-21.jar;C:\Users\HP User\.m2\repository\org\junit\jupiter\junit-jupiter-api\5.10.0\junit-jupiter-api-5.10.0.jar;C:\Users\HP User\.m2\repository\org\opentest4j\opentest4j\1.3.0\opentest4j-1.3.0.jar;C:\Users\HP User\.m2\repository\org\junit\platform\junit-platform-commons\1.10.0\junit-platform-commons-1.10.0.jar;C:\Users\HP User\.m2\repository\org\apiguardian\apiguardian-api\1.1.2\apiguardian-api-1.1.2.jar;C:\Users\HP User\.m2\repository\org\junit\jupiter\junit-jupiter-engine\5.10.0\junit-jupiter-engine-5.10.0.jar;C:\Users\HP User\.m2\repository\org\junit\platform\junit-platform-engine\1.10.0\junit-platform-engine-1.10.0.jar;C:\Users\HP User\.m2\repository\org\testfx\testfx-core\4.0.16-alpha\testfx-core-4.0.16-alpha.jar;C:\Users\HP User\.m2\repository\org\hamcrest\hamcrest-core\1.3\hamcrest-core-1.3.jar;C:\Users\HP User\.m2\repository\org\assertj\assertj-core\3.13.2\assertj-core-3.13.2.jar;C:\Users\HP User\.m2\repository\org\mockito\mockito-core\5.13.0\mockito-core-5.13.0.jar;C:\Users\HP User\.m2\repository\net\bytebuddy\byte-buddy\1.15.0\byte-buddy-1.15.0.jar;C:\Users\HP User\.m2\repository\net\bytebuddy\byte-buddy-agent\1.15.0\byte-buddy-agent-1.15.0.jar;C:\Users\HP User\.m2\repository\org\objenesis\objenesis\3.3\objenesis-3.3.jar;C:\Users\HP User\.m2\repository\org\junit\platform\junit-platform-suite-engine\1.10.2\junit-platform-suite-engine-1.10.2.jar;C:\Users\HP User\.m2\repository\org\junit\platform\junit-platform-suite-api\1.10.2\junit-platform-suite-api-1.10.2.jar;C:\Users\HP User\.m2\repository\org\junit\platform\junit-platform-suite-commons\1.10.2\junit-platform-suite-commons-1.10.2.jar;C:\Users\HP User\.m2\repository\org\junit\platform\junit-platform-launcher\1.10.2\junit-platform-launcher-1.10.2.jar;C:\Users\HP User\.m2\repository\org\apache\logging\log4j\log4j-slf4j-impl\2.23.1\log4j-slf4j-impl-2.23.1.jar;C:\Users\HP User\.m2\repository\org\slf4j\slf4j-api\1.7.36\slf4j-api-1.7.36.jar;"/>
    <property name="sun.cpu.endian" value="little"/>
    <property name="user.home" value="C:\Users\HP User"/>
    <property name="user.language" value="en"/>
    <property name="java.specification.vendor" value="Oracle Corporation"/>
    <property name="jdk.module.path" value="C:\Users\HP User\Downloads\Asteroid888-main\Asteroid888-main\Asteroid888-main\Asteroid888-main\Asteroid888\target\classes;C:\Users\HP User\.m2\repository\org\openjfx\javafx-controls\21\javafx-controls-21-win.jar;C:\Users\HP User\.m2\repository\org\openjfx\javafx-graphics\21\javafx-graphics-21-win.jar;C:\Users\HP User\.m2\repository\org\openjfx\javafx-base\21\javafx-base-21-win.jar;C:\Users\HP User\.m2\repository\org\openjfx\javafx-fxml\21\javafx-fxml-21-win.jar;C:\Users\HP User\.m2\repository\org\apache\logging\log4j\log4j-core\2.23.1\log4j-core-2.23.1.jar;C:\Users\HP User\.m2\repository\org\apache\logging\log4j\log4j-api\2.23.1\log4j-api-2.23.1.jar"/>
    <property name="java.version.date" value="2024-10-15"/>
    <property name="java.home" value="C:\Users\HP User\.jdks\openjdk-23.0.1"/>
    <property name="file.separator" value="\"/>
    <property name="basedir" value="C:\Users\HP User\Downloads\Asteroid888-main\Asteroid888-main\Asteroid888-main\Asteroid888-main\Asteroid888"/>
    <property name="java.vm.compressedOopsMode" value="Zero based"/>
    <property name="line.separator" value="&#10;"/>
    <property name="java.vm.specification.vendor" value="Oracle Corporation"/>
    <property name="java.specification.name" value="Java Platform API Specification"/>
    <property name="surefire.real.class.path" value="C:\Users\HP User\.m2\repository\org\apache\maven\surefire\surefire-booter\3.2.5\surefire-booter-3.2.5.jar;C:\Users\HP User\.m2\repository\org\apache\maven\surefire\surefire-api\3.2.5\surefire-api-3.2.5.jar;C:\Users\HP User\.m2\repository\org\apache\maven\surefire\surefire-logger-api\3.2.5\surefire-logger-api-3.2.5.jar;C:\Users\HP User\.m2\repository\org\apache\maven\surefire\surefire-shared-utils\3.2.5\surefire-shared-utils-3.2.5.jar;C:\Users\HP User\.m2\repository\org\apache\maven\surefire\surefire-extensions-spi\3.2.5\surefire-extensions-spi-3.2.5.jar;C:\Users\HP User\Downloads\Asteroid888-main\Asteroid888-main\Asteroid888-main\Asteroid888-main\Asteroid888\target\test-classes;C:\Users\HP User\.m2\repository\org\openjfx\javafx-controls\21\javafx-controls-21.jar;C:\Users\HP User\.m2\repository\org\openjfx\javafx-graphics\21\javafx-graphics-21.jar;C:\Users\HP User\.m2\repository\org\openjfx\javafx-base\21\javafx-base-21.jar;C:\Users\HP User\.m2\repository\org\openjfx\javafx-fxml\21\javafx-fxml-21.jar;C:\Users\HP User\.m2\repository\org\junit\jupiter\junit-jupiter-api\5.10.0\junit-jupiter-api-5.10.0.jar;C:\Users\HP User\.m2\repository\org\opentest4j\opentest4j\1.3.0\opentest4j-1.3.0.jar;C:\Users\HP User\.m2\repository\org\junit\platform\junit-platform-commons\1.10.0\junit-platform-commons-1.10.0.jar;C:\Users\HP User\.m2\repository\org\apiguardian\apiguardian-api\1.1.2\apiguardian-api-1.1.2.jar;C:\Users\HP User\.m2\repository\org\junit\jupiter\junit-jupiter-engine\5.10.0\junit-jupiter-engine-5.10.0.jar;C:\Users\HP User\.m2\repository\org\junit\platform\junit-platform-engine\1.10.0\junit-platform-engine-1.10.0.jar;C:\Users\HP User\.m2\repository\org\testfx\testfx-core\4.0.16-alpha\testfx-core-4.0.16-alpha.jar;C:\Users\HP User\.m2\repository\org\hamcrest\hamcrest-core\1.3\hamcrest-core-1.3.jar;C:\Users\HP User\.m2\repository\org\assertj\assertj-core\3.13.2\assertj-core-3.13.2.jar;C:\Users\HP User\.m2\repository\org\mockito\mockito-core\5.13.0\mockito-core-5.13.0.jar;C:\Users\HP User\.m2\repository\net\bytebuddy\byte-buddy\1.15.0\byte-buddy-1.15.0.jar;C:\Users\HP User\.m2\repository\net\bytebuddy\byte-buddy-agent\1.15.0\byte-buddy-agent-1.15.0.jar;C:\Users\HP User\.m2\repository\org\objenesis\objenesis\3.3\objenesis-3.3.jar;C:\Users\HP User\.m2\repository\org\junit\platform\junit-platform-suite-engine\1.10.2\junit-platform-suite-engine-1.10.2.jar;C:\Users\HP User\.m2\repository\org\junit\platform\junit-platform-suite-api\1.10.2\junit-platform-suite-api-1.10.2.jar;C:\Users\HP User\.m2\repository\org\junit\platform\junit-platform-suite-commons\1.10.2\junit-platform-suite-commons-1.10.2.jar;C:\Users\HP User\.m2\repository\org\junit\platform\junit-platform-launcher\1.10.2\junit-platform-launcher-1.10.2.jar;C:\Users\HP User\.m2\repository\org\apache\logging\log4j\log4j-slf4j-impl\2.23.1\log4j-slf4j-impl-2.23.1.jar;C:\Users\HP User\.m2\repository\org\slf4j\slf4j-api\1.7.36\slf4j-api-1.7.36.jar;C:\Users\HP User\.m2\repository\org\apache\maven\surefire\surefire-junit-platform\3.2.5\surefire-junit-platform-3.2.5.jar;C:\Users\HP User\.m2\repository\org\apache\maven\surefire\common-java5\3.2.5\common-java5-3.2.5.jar"/>
    <property name="user.script" value=""/>
    <property name="sun.management.compiler" value="HotSpot 64-Bit Tiered Compilers"/>
    <property name="java.runtime.version" value="23.0.1+11-39"/>
    <property name="user.name" value="HP User"/>
    <property name="stdout.encoding" value="Cp1252"/>
    <property name="path.separator" value=";"/>
    <property name="os.version" value="10.0"/>
    <property name="java.runtime.name" value="OpenJDK Runtime Environment"/>
    <property name="file.encoding" value="UTF-8"/>
    <property name="java.vm.name" value="OpenJDK 64-Bit Server VM"/>
    <property name="localRepository" value="C:\Users\HP User\.m2\repository"/>
    <property name="java.vendor.url.bug" value="https://bugreport.java.com/bugreport/"/>
    <property name="java.io.tmpdir" value="C:\Users\HPUSER~1\AppData\Local\Temp\"/>
    <property name="idea.version" value="2024.2.4"/>
    <property name="java.version" value="23.0.1"/>
    <property name="user.dir" value="C:\Users\HP User\Downloads\Asteroid888-main\Asteroid888-main\Asteroid888-main\Asteroid888-main\Asteroid888"/>
    <property name="os.arch" value="amd64"/>
    <property name="java.vm.specification.name" value="Java Virtual Machine Specification"/>
    <property name="user.language.format" value="th"/>
    <property name="sun.os.patch.level" value=""/>
    <property name="native.encoding" value="Cp1252"/>
    <property name="java.library.path" value="C:\Users\HP User\.jdks\openjdk-23.0.1\bin;C:\WINDOWS\Sun\Java\bin;C:\WINDOWS\system32;C:\WINDOWS;C:\windows\system32;C:\windows;C:\windows\System32\Wbem;C:\windows\System32\WindowsPowerShell\v1.0\;C:\windows\System32\OpenSSH\;C:\Program Files (x86)\NVIDIA Corporation\PhysX\Common;C:\Program Files\NVIDIA Corporation\NVIDIA NvDLISR;C:\Users\Administrator\AppData\Local\Microsoft\WindowsApps;;C:\Program Files\HP\OMEN-Broadcast\Common;%SystemRoot%\system32;%SystemRoot%;%SystemRoot%\System32\Wbem;%SYSTEMROOT%\System32\WindowsPowerShell\v1.0\;%SYSTEMROOT%\System32\OpenSSH\;C:\Users\HP User\AppData\Local\Microsoft\WindowsApps;;C:\Program Files\JetBrains\IntelliJ IDEA 2024.2.4\bin;;."/>
    <property name="java.vm.info" value="mixed mode"/>
    <property name="stderr.encoding" value="Cp1252"/>
    <property name="java.vendor" value="Oracle Corporation"/>
    <property name="java.vm.version" value="23.0.1+11-39"/>
    <property name="sun.io.unicode.encoding" value="UnicodeLittle"/>
    <property name="java.class.version" value="67.0"/>
  </properties>
  <testcase name="testSmallAsteroidScore" classname="se.asteroid.test.ScoringTest" time="0.149">
    <system-out><![CDATA[Asteroid destroyed!
01:27:35.818 [main] INFO  se.asteroid.controller.GameController - Score increased by 1 points - Asteroid destroyed. Current score: 1
]]></system-out>
  </testcase>
  <testcase name="testLargeAsteroidScore" classname="se.asteroid.test.ScoringTest" time="0.045">
    <system-out><![CDATA[Asteroid destroyed!
01:27:35.864 [main] INFO  se.asteroid.controller.GameController - Score increased by 2 points - Asteroid destroyed. Current score: 2
]]></system-out>
  </testcase>
  <testcase name="testRegularEnemyScore" classname="se.asteroid.test.ScoringTest" time="0.111">
    <system-out><![CDATA[01:27:35.976 [main] INFO  se.asteroid.controller.GameController - Score increased by 1 point - Regular enemy destroyed. Current score: 1
]]></system-out>
  </testcase>
  <testcase name="testSecondTierEnemyScore" classname="se.asteroid.test.ScoringTest" time="0.111">
    <system-out><![CDATA[01:27:36.088 [main] INFO  se.asteroid.controller.GameController - Score increased by 2 points - Second tier enemy destroyed. Current score: 2
]]></system-out>
  </testcase>
  <testcase name="testBossScore" classname="se.asteroid.test.ScoringTest" time="0.052">
    <system-out><![CDATA[01:27:36.137 [main] DEBUG se.asteroid.model.Ship - Sprite sheet loaded successfully
01:27:36.137 [main] INFO  se.asteroid.model.Ship - PlayerShip initialized at position (400.0, 300.0)
01:27:36.141 [main] INFO  se.asteroid.controller.GameController - Score increased by 50 points - Boss defeated! Final score: 50
]]></system-out>
    <system-err><![CDATA[ต.ค. 30, 2024 1:27:36 ก่อนเที่ยง se.asteroid.model.Boss loadSpriteSheet
INFO: Loaded sprite sheet dimensions: 320x160
ต.ค. 30, 2024 1:27:36 ก่อนเที่ยง se.asteroid.model.Boss loadSpriteSheet
INFO: Individual sprite dimensions: 80x80
ต.ค. 30, 2024 1:27:36 ก่อนเที่ยง se.asteroid.model.Boss loadSpriteSheet
INFO: Successfully loaded boss sprites
]]></system-err>
  </testcase>
  <testcase name="testMultipleEnemiesScore" classname="se.asteroid.test.ScoringTest" time="0.038">
    <system-out><![CDATA[Asteroid destroyed!
01:27:36.180 [main] INFO  se.asteroid.controller.GameController - Score increased by 1 points - Asteroid destroyed. Current score: 1
01:27:36.180 [main] INFO  se.asteroid.controller.GameController - Score increased by 1 point - Regular enemy destroyed. Current score: 2
01:27:36.180 [main] INFO  se.asteroid.controller.GameController - Score increased by 2 points - Second tier enemy destroyed. Current score: 4
]]></system-out>
  </testcase>
</testsuite>